Running: /opt/Xilinx/14.7/ISE_DS/ISE/bin/lin64/unwrapped/fuse -incremental work.bfm_system_tb work.glbl -prj bfm_system.prj -L xilinxcorelib_ver -L secureip -L unisims_ver -L unimacro_ver -o isim_bfm_system 
ISim P.20131013 (signature 0xfbc00daa)
Number of CPUs detected in this system: 2
Turning on mult-threading, number of parallel sub-compilation jobs: 4 
Analyzing Verilog file "/opt/Xilinx/14.7/ISE_DS/EDK/hw/XilinxBFMinterface/pcores/cdn_axi4_lite_master_bfm_wrap_v2_01_b/hdl/verilog/cdn_axi4_lite_master_bfm_wrap.v" into library cdn_axi4_lite_master_bfm_wrap_v2_01_b
Analyzing Verilog file "/opt/Xilinx/14.7/ISE_DS/EDK/hw/XilinxBFMinterface/pcores/cdn_axi4_slave_bfm_wrap_v2_01_b/hdl/verilog/cdn_axi4_slave_bfm_wrap.v" into library cdn_axi4_slave_bfm_wrap_v2_01_b
Analyzing Verilog file "/opt/Xilinx/14.7/ISE_DS/EDK/hw/XilinxProcessorIPLib/pcores/axi_interconnect_v1_06_a/hdl/verilog/ict106_axic_sample_cycle_ratio.v" into library axi_interconnect_v1_06_a
Analyzing Verilog file "/opt/Xilinx/14.7/ISE_DS/EDK/hw/XilinxProcessorIPLib/pcores/axi_interconnect_v1_06_a/hdl/verilog/ict106_axic_sync_clock_converter.v" into library axi_interconnect_v1_06_a
Analyzing Verilog file "/opt/Xilinx/14.7/ISE_DS/EDK/hw/XilinxProcessorIPLib/pcores/axi_interconnect_v1_06_a/hdl/verilog/ict106_a_axi3_conv.v" into library axi_interconnect_v1_06_a
Analyzing Verilog file "/opt/Xilinx/14.7/ISE_DS/EDK/hw/XilinxProcessorIPLib/pcores/axi_interconnect_v1_06_a/hdl/verilog/ict106_addr_arbiter_sasd.v" into library axi_interconnect_v1_06_a
Analyzing Verilog file "/opt/Xilinx/14.7/ISE_DS/EDK/hw/XilinxProcessorIPLib/pcores/axi_interconnect_v1_06_a/hdl/verilog/ict106_addr_arbiter.v" into library axi_interconnect_v1_06_a
Analyzing Verilog file "/opt/Xilinx/14.7/ISE_DS/EDK/hw/XilinxProcessorIPLib/pcores/axi_interconnect_v1_06_a/hdl/verilog/ict106_addr_decoder.v" into library axi_interconnect_v1_06_a
Analyzing Verilog file "/opt/Xilinx/14.7/ISE_DS/EDK/hw/XilinxProcessorIPLib/pcores/axi_interconnect_v1_06_a/hdl/verilog/ict106_a_downsizer.v" into library axi_interconnect_v1_06_a
Analyzing Verilog file "/opt/Xilinx/14.7/ISE_DS/EDK/hw/XilinxProcessorIPLib/pcores/axi_interconnect_v1_06_a/hdl/verilog/ict106_arbiter_resp.v" into library axi_interconnect_v1_06_a
Analyzing Verilog file "/opt/Xilinx/14.7/ISE_DS/EDK/hw/XilinxProcessorIPLib/pcores/axi_interconnect_v1_06_a/hdl/verilog/ict106_a_upsizer.v" into library axi_interconnect_v1_06_a
Analyzing Verilog file "/opt/Xilinx/14.7/ISE_DS/EDK/hw/XilinxProcessorIPLib/pcores/axi_interconnect_v1_06_a/hdl/verilog/ict106_axi3_conv.v" into library axi_interconnect_v1_06_a
Analyzing Verilog file "/opt/Xilinx/14.7/ISE_DS/EDK/hw/XilinxProcessorIPLib/pcores/axi_interconnect_v1_06_a/hdl/verilog/ict106_axic_fifo.v" into library axi_interconnect_v1_06_a
Analyzing Verilog file "/opt/Xilinx/14.7/ISE_DS/EDK/hw/XilinxProcessorIPLib/pcores/axi_interconnect_v1_06_a/hdl/verilog/ict106_axi_clock_converter.v" into library axi_interconnect_v1_06_a
Analyzing Verilog file "/opt/Xilinx/14.7/ISE_DS/EDK/hw/XilinxProcessorIPLib/pcores/axi_interconnect_v1_06_a/hdl/verilog/ict106_axic_register_slice.v" into library axi_interconnect_v1_06_a
Analyzing Verilog file "/opt/Xilinx/14.7/ISE_DS/EDK/hw/XilinxProcessorIPLib/pcores/axi_interconnect_v1_06_a/hdl/verilog/ict106_axic_reg_srl_fifo.v" into library axi_interconnect_v1_06_a
Analyzing Verilog file "/opt/Xilinx/14.7/ISE_DS/EDK/hw/XilinxProcessorIPLib/pcores/axi_interconnect_v1_06_a/hdl/verilog/ict106_axi_crossbar.v" into library axi_interconnect_v1_06_a
Analyzing Verilog file "/opt/Xilinx/14.7/ISE_DS/EDK/hw/XilinxProcessorIPLib/pcores/axi_interconnect_v1_06_a/hdl/verilog/ict106_axic_srl_fifo.v" into library axi_interconnect_v1_06_a
Analyzing Verilog file "/opt/Xilinx/14.7/ISE_DS/EDK/hw/XilinxProcessorIPLib/pcores/axi_interconnect_v1_06_a/hdl/verilog/ict106_axi_data_fifo.v" into library axi_interconnect_v1_06_a
Analyzing Verilog file "/opt/Xilinx/14.7/ISE_DS/EDK/hw/XilinxProcessorIPLib/pcores/axi_interconnect_v1_06_a/hdl/verilog/ict106_axi_downsizer.v" into library axi_interconnect_v1_06_a
Analyzing Verilog file "/opt/Xilinx/14.7/ISE_DS/EDK/hw/XilinxProcessorIPLib/pcores/axi_interconnect_v1_06_a/hdl/verilog/ict106_axilite_conv.v" into library axi_interconnect_v1_06_a
Analyzing Verilog file "/opt/Xilinx/14.7/ISE_DS/EDK/hw/XilinxProcessorIPLib/pcores/axi_interconnect_v1_06_a/hdl/verilog/ict106_axi_protocol_converter.v" into library axi_interconnect_v1_06_a
Analyzing Verilog file "/opt/Xilinx/14.7/ISE_DS/EDK/hw/XilinxProcessorIPLib/pcores/axi_interconnect_v1_06_a/hdl/verilog/ict106_axi_register_slice.v" into library axi_interconnect_v1_06_a
Analyzing Verilog file "/opt/Xilinx/14.7/ISE_DS/EDK/hw/XilinxProcessorIPLib/pcores/axi_interconnect_v1_06_a/hdl/verilog/ict106_axi_upsizer.v" into library axi_interconnect_v1_06_a
Analyzing Verilog file "/opt/Xilinx/14.7/ISE_DS/EDK/hw/XilinxProcessorIPLib/pcores/axi_interconnect_v1_06_a/hdl/verilog/ict106_b_downsizer.v" into library axi_interconnect_v1_06_a
Analyzing Verilog file "/opt/Xilinx/14.7/ISE_DS/EDK/hw/XilinxProcessorIPLib/pcores/axi_interconnect_v1_06_a/hdl/verilog/ict106_carry_and.v" into library axi_interconnect_v1_06_a
Analyzing Verilog file "/opt/Xilinx/14.7/ISE_DS/EDK/hw/XilinxProcessorIPLib/pcores/axi_interconnect_v1_06_a/hdl/verilog/ict106_carry_latch_and.v" into library axi_interconnect_v1_06_a
Analyzing Verilog file "/opt/Xilinx/14.7/ISE_DS/EDK/hw/XilinxProcessorIPLib/pcores/axi_interconnect_v1_06_a/hdl/verilog/ict106_carry_latch_or.v" into library axi_interconnect_v1_06_a
Analyzing Verilog file "/opt/Xilinx/14.7/ISE_DS/EDK/hw/XilinxProcessorIPLib/pcores/axi_interconnect_v1_06_a/hdl/verilog/ict106_carry_or.v" into library axi_interconnect_v1_06_a
Analyzing Verilog file "/opt/Xilinx/14.7/ISE_DS/EDK/hw/XilinxProcessorIPLib/pcores/axi_interconnect_v1_06_a/hdl/verilog/ict106_carry.v" into library axi_interconnect_v1_06_a
Analyzing Verilog file "/opt/Xilinx/14.7/ISE_DS/EDK/hw/XilinxProcessorIPLib/pcores/axi_interconnect_v1_06_a/hdl/verilog/ict106_command_fifo.v" into library axi_interconnect_v1_06_a
Analyzing Verilog file "/opt/Xilinx/14.7/ISE_DS/EDK/hw/XilinxProcessorIPLib/pcores/axi_interconnect_v1_06_a/hdl/verilog/ict106_comparator_mask_static.v" into library axi_interconnect_v1_06_a
Analyzing Verilog file "/opt/Xilinx/14.7/ISE_DS/EDK/hw/XilinxProcessorIPLib/pcores/axi_interconnect_v1_06_a/hdl/verilog/ict106_comparator_mask.v" into library axi_interconnect_v1_06_a
Analyzing Verilog file "/opt/Xilinx/14.7/ISE_DS/EDK/hw/XilinxProcessorIPLib/pcores/axi_interconnect_v1_06_a/hdl/verilog/ict106_comparator_sel_mask_static.v" into library axi_interconnect_v1_06_a
Analyzing Verilog file "/opt/Xilinx/14.7/ISE_DS/EDK/hw/XilinxProcessorIPLib/pcores/axi_interconnect_v1_06_a/hdl/verilog/ict106_comparator_sel_mask.v" into library axi_interconnect_v1_06_a
Analyzing Verilog file "/opt/Xilinx/14.7/ISE_DS/EDK/hw/XilinxProcessorIPLib/pcores/axi_interconnect_v1_06_a/hdl/verilog/ict106_comparator_sel_static.v" into library axi_interconnect_v1_06_a
Analyzing Verilog file "/opt/Xilinx/14.7/ISE_DS/EDK/hw/XilinxProcessorIPLib/pcores/axi_interconnect_v1_06_a/hdl/verilog/ict106_comparator_sel.v" into library axi_interconnect_v1_06_a
Analyzing Verilog file "/opt/Xilinx/14.7/ISE_DS/EDK/hw/XilinxProcessorIPLib/pcores/axi_interconnect_v1_06_a/hdl/verilog/ict106_comparator_static.v" into library axi_interconnect_v1_06_a
Analyzing Verilog file "/opt/Xilinx/14.7/ISE_DS/EDK/hw/XilinxProcessorIPLib/pcores/axi_interconnect_v1_06_a/hdl/verilog/ict106_comparator.v" into library axi_interconnect_v1_06_a
Analyzing Verilog file "/opt/Xilinx/14.7/ISE_DS/EDK/hw/XilinxProcessorIPLib/pcores/axi_interconnect_v1_06_a/hdl/verilog/ict106_converter_bank.v" into library axi_interconnect_v1_06_a
Analyzing Verilog file "/opt/Xilinx/14.7/ISE_DS/EDK/hw/XilinxProcessorIPLib/pcores/axi_interconnect_v1_06_a/hdl/verilog/ict106_crossbar_sasd.v" into library axi_interconnect_v1_06_a
Analyzing Verilog file "/opt/Xilinx/14.7/ISE_DS/EDK/hw/XilinxProcessorIPLib/pcores/axi_interconnect_v1_06_a/hdl/verilog/ict106_crossbar.v" into library axi_interconnect_v1_06_a
Analyzing Verilog file "/opt/Xilinx/14.7/ISE_DS/EDK/hw/XilinxProcessorIPLib/pcores/axi_interconnect_v1_06_a/hdl/verilog/ict106_data_fifo_bank.v" into library axi_interconnect_v1_06_a
Analyzing Verilog file "/opt/Xilinx/14.7/ISE_DS/EDK/hw/XilinxProcessorIPLib/pcores/axi_interconnect_v1_06_a/hdl/verilog/ict106_decerr_slave.v" into library axi_interconnect_v1_06_a
Analyzing Verilog file "/opt/Xilinx/14.7/ISE_DS/EDK/hw/XilinxProcessorIPLib/pcores/axi_interconnect_v1_06_a/hdl/verilog/ict106_fifo_gen.v" into library axi_interconnect_v1_06_a
Analyzing Verilog file "/opt/Xilinx/14.7/ISE_DS/EDK/hw/XilinxProcessorIPLib/pcores/axi_interconnect_v1_06_a/hdl/verilog/ict106_mux_enc.v" into library axi_interconnect_v1_06_a
Analyzing Verilog file "/opt/Xilinx/14.7/ISE_DS/EDK/hw/XilinxProcessorIPLib/pcores/axi_interconnect_v1_06_a/hdl/verilog/ict106_mux.v" into library axi_interconnect_v1_06_a
Analyzing Verilog file "/opt/Xilinx/14.7/ISE_DS/EDK/hw/XilinxProcessorIPLib/pcores/axi_interconnect_v1_06_a/hdl/verilog/ict106_ndeep_srl.v" into library axi_interconnect_v1_06_a
Analyzing Verilog file "/opt/Xilinx/14.7/ISE_DS/EDK/hw/XilinxProcessorIPLib/pcores/axi_interconnect_v1_06_a/hdl/verilog/ict106_nto1_mux.v" into library axi_interconnect_v1_06_a
Analyzing Verilog file "/opt/Xilinx/14.7/ISE_DS/EDK/hw/XilinxProcessorIPLib/pcores/axi_interconnect_v1_06_a/hdl/verilog/ict106_protocol_conv_bank.v" into library axi_interconnect_v1_06_a
Analyzing Verilog file "/opt/Xilinx/14.7/ISE_DS/EDK/hw/XilinxProcessorIPLib/pcores/axi_interconnect_v1_06_a/hdl/verilog/ict106_r_axi3_conv.v" into library axi_interconnect_v1_06_a
Analyzing Verilog file "/opt/Xilinx/14.7/ISE_DS/EDK/hw/XilinxProcessorIPLib/pcores/axi_interconnect_v1_06_a/hdl/verilog/ict106_r_downsizer.v" into library axi_interconnect_v1_06_a
Analyzing Verilog file "/opt/Xilinx/14.7/ISE_DS/EDK/hw/XilinxProcessorIPLib/pcores/axi_interconnect_v1_06_a/hdl/verilog/ict106_register_slice_bank.v" into library axi_interconnect_v1_06_a
Analyzing Verilog file "/opt/Xilinx/14.7/ISE_DS/EDK/hw/XilinxProcessorIPLib/pcores/axi_interconnect_v1_06_a/hdl/verilog/ict106_r_upsizer.v" into library axi_interconnect_v1_06_a
Analyzing Verilog file "/opt/Xilinx/14.7/ISE_DS/EDK/hw/XilinxProcessorIPLib/pcores/axi_interconnect_v1_06_a/hdl/verilog/ict106_si_transactor.v" into library axi_interconnect_v1_06_a
Analyzing Verilog file "/opt/Xilinx/14.7/ISE_DS/EDK/hw/XilinxProcessorIPLib/pcores/axi_interconnect_v1_06_a/hdl/verilog/ict106_splitter.v" into library axi_interconnect_v1_06_a
Analyzing Verilog file "/opt/Xilinx/14.7/ISE_DS/EDK/hw/XilinxProcessorIPLib/pcores/axi_interconnect_v1_06_a/hdl/verilog/ict106_w_axi3_conv.v" into library axi_interconnect_v1_06_a
Analyzing Verilog file "/opt/Xilinx/14.7/ISE_DS/EDK/hw/XilinxProcessorIPLib/pcores/axi_interconnect_v1_06_a/hdl/verilog/ict106_wdata_mux.v" into library axi_interconnect_v1_06_a
Analyzing Verilog file "/opt/Xilinx/14.7/ISE_DS/EDK/hw/XilinxProcessorIPLib/pcores/axi_interconnect_v1_06_a/hdl/verilog/ict106_wdata_router.v" into library axi_interconnect_v1_06_a
Analyzing Verilog file "/opt/Xilinx/14.7/ISE_DS/EDK/hw/XilinxProcessorIPLib/pcores/axi_interconnect_v1_06_a/hdl/verilog/ict106_w_downsizer.v" into library axi_interconnect_v1_06_a
Analyzing Verilog file "/opt/Xilinx/14.7/ISE_DS/EDK/hw/XilinxProcessorIPLib/pcores/axi_interconnect_v1_06_a/hdl/verilog/ict106_w_upsizer.v" into library axi_interconnect_v1_06_a
Analyzing Verilog file "/opt/Xilinx/14.7/ISE_DS/EDK/hw/XilinxProcessorIPLib/pcores/axi_interconnect_v1_06_a/hdl/verilog/axi_interconnect.v" into library axi_interconnect_v1_06_a
Parsing VHDL file "/opt/Xilinx/14.7/ISE_DS/EDK/hw/XilinxProcessorIPLib/pcores/proc_common_v3_00_a/hdl/vhdl/family.vhd" into library proc_common_v3_00_a
Parsing VHDL file "/opt/Xilinx/14.7/ISE_DS/EDK/hw/XilinxProcessorIPLib/pcores/proc_common_v3_00_a/hdl/vhdl/family_support.vhd" into library proc_common_v3_00_a
Parsing VHDL file "/opt/Xilinx/14.7/ISE_DS/EDK/hw/XilinxProcessorIPLib/pcores/proc_common_v3_00_a/hdl/vhdl/coregen_comp_defs.vhd" into library proc_common_v3_00_a
Parsing VHDL file "/opt/Xilinx/14.7/ISE_DS/EDK/hw/XilinxProcessorIPLib/pcores/proc_common_v3_00_a/hdl/vhdl/common_types_pkg.vhd" into library proc_common_v3_00_a
Parsing VHDL file "/opt/Xilinx/14.7/ISE_DS/EDK/hw/XilinxProcessorIPLib/pcores/proc_common_v3_00_a/hdl/vhdl/proc_common_pkg.vhd" into library proc_common_v3_00_a
Parsing VHDL file "/opt/Xilinx/14.7/ISE_DS/EDK/hw/XilinxProcessorIPLib/pcores/proc_common_v3_00_a/hdl/vhdl/conv_funs_pkg.vhd" into library proc_common_v3_00_a
Parsing VHDL file "/opt/Xilinx/14.7/ISE_DS/EDK/hw/XilinxProcessorIPLib/pcores/proc_common_v3_00_a/hdl/vhdl/ipif_pkg.vhd" into library proc_common_v3_00_a
Parsing VHDL file "/opt/Xilinx/14.7/ISE_DS/EDK/hw/XilinxProcessorIPLib/pcores/proc_common_v3_00_a/hdl/vhdl/async_fifo_fg.vhd" into library proc_common_v3_00_a
Parsing VHDL file "/opt/Xilinx/14.7/ISE_DS/EDK/hw/XilinxProcessorIPLib/pcores/proc_common_v3_00_a/hdl/vhdl/sync_fifo_fg.vhd" into library proc_common_v3_00_a
Parsing VHDL file "/opt/Xilinx/14.7/ISE_DS/EDK/hw/XilinxProcessorIPLib/pcores/proc_common_v3_00_a/hdl/vhdl/basic_sfifo_fg.vhd" into library proc_common_v3_00_a
Parsing VHDL file "/opt/Xilinx/14.7/ISE_DS/EDK/hw/XilinxProcessorIPLib/pcores/proc_common_v3_00_a/hdl/vhdl/blk_mem_gen_wrapper.vhd" into library proc_common_v3_00_a
Parsing VHDL file "/opt/Xilinx/14.7/ISE_DS/EDK/hw/XilinxProcessorIPLib/pcores/proc_common_v3_00_a/hdl/vhdl/addsub.vhd" into library proc_common_v3_00_a
Parsing VHDL file "/opt/Xilinx/14.7/ISE_DS/EDK/hw/XilinxProcessorIPLib/pcores/proc_common_v3_00_a/hdl/vhdl/counter_bit.vhd" into library proc_common_v3_00_a
Parsing VHDL file "/opt/Xilinx/14.7/ISE_DS/EDK/hw/XilinxProcessorIPLib/pcores/proc_common_v3_00_a/hdl/vhdl/counter.vhd" into library proc_common_v3_00_a
Parsing VHDL file "/opt/Xilinx/14.7/ISE_DS/EDK/hw/XilinxProcessorIPLib/pcores/proc_common_v3_00_a/hdl/vhdl/direct_path_cntr.vhd" into library proc_common_v3_00_a
Parsing VHDL file "/opt/Xilinx/14.7/ISE_DS/EDK/hw/XilinxProcessorIPLib/pcores/proc_common_v3_00_a/hdl/vhdl/direct_path_cntr_ai.vhd" into library proc_common_v3_00_a
Parsing VHDL file "/opt/Xilinx/14.7/ISE_DS/EDK/hw/XilinxProcessorIPLib/pcores/proc_common_v3_00_a/hdl/vhdl/down_counter.vhd" into library proc_common_v3_00_a
Parsing VHDL file "/opt/Xilinx/14.7/ISE_DS/EDK/hw/XilinxProcessorIPLib/pcores/proc_common_v3_00_a/hdl/vhdl/eval_timer.vhd" into library proc_common_v3_00_a
Parsing VHDL file "/opt/Xilinx/14.7/ISE_DS/EDK/hw/XilinxProcessorIPLib/pcores/proc_common_v3_00_a/hdl/vhdl/inferred_lut4.vhd" into library proc_common_v3_00_a
Parsing VHDL file "/opt/Xilinx/14.7/ISE_DS/EDK/hw/XilinxProcessorIPLib/pcores/proc_common_v3_00_a/hdl/vhdl/ipif_steer.vhd" into library proc_common_v3_00_a
Parsing VHDL file "/opt/Xilinx/14.7/ISE_DS/EDK/hw/XilinxProcessorIPLib/pcores/proc_common_v3_00_a/hdl/vhdl/ipif_steer128.vhd" into library proc_common_v3_00_a
Parsing VHDL file "/opt/Xilinx/14.7/ISE_DS/EDK/hw/XilinxProcessorIPLib/pcores/proc_common_v3_00_a/hdl/vhdl/ipif_mirror128.vhd" into library proc_common_v3_00_a
Parsing VHDL file "/opt/Xilinx/14.7/ISE_DS/EDK/hw/XilinxProcessorIPLib/pcores/proc_common_v3_00_a/hdl/vhdl/ld_arith_reg.vhd" into library proc_common_v3_00_a
Parsing VHDL file "/opt/Xilinx/14.7/ISE_DS/EDK/hw/XilinxProcessorIPLib/pcores/proc_common_v3_00_a/hdl/vhdl/ld_arith_reg2.vhd" into library proc_common_v3_00_a
Parsing VHDL file "/opt/Xilinx/14.7/ISE_DS/EDK/hw/XilinxProcessorIPLib/pcores/proc_common_v3_00_a/hdl/vhdl/mux_onehot.vhd" into library proc_common_v3_00_a
Parsing VHDL file "/opt/Xilinx/14.7/ISE_DS/EDK/hw/XilinxProcessorIPLib/pcores/proc_common_v3_00_a/hdl/vhdl/or_bits.vhd" into library proc_common_v3_00_a
Parsing VHDL file "/opt/Xilinx/14.7/ISE_DS/EDK/hw/XilinxProcessorIPLib/pcores/proc_common_v3_00_a/hdl/vhdl/or_muxcy.vhd" into library proc_common_v3_00_a
Parsing VHDL file "/opt/Xilinx/14.7/ISE_DS/EDK/hw/XilinxProcessorIPLib/pcores/proc_common_v3_00_a/hdl/vhdl/or_gate.vhd" into library proc_common_v3_00_a
Parsing VHDL file "/opt/Xilinx/14.7/ISE_DS/EDK/hw/XilinxProcessorIPLib/pcores/proc_common_v3_00_a/hdl/vhdl/or_gate128.vhd" into library proc_common_v3_00_a
Parsing VHDL file "/opt/Xilinx/14.7/ISE_DS/EDK/hw/XilinxProcessorIPLib/pcores/proc_common_v3_00_a/hdl/vhdl/pf_adder_bit.vhd" into library proc_common_v3_00_a
Parsing VHDL file "/opt/Xilinx/14.7/ISE_DS/EDK/hw/XilinxProcessorIPLib/pcores/proc_common_v3_00_a/hdl/vhdl/pf_adder.vhd" into library proc_common_v3_00_a
Parsing VHDL file "/opt/Xilinx/14.7/ISE_DS/EDK/hw/XilinxProcessorIPLib/pcores/proc_common_v3_00_a/hdl/vhdl/pf_counter_bit.vhd" into library proc_common_v3_00_a
Parsing VHDL file "/opt/Xilinx/14.7/ISE_DS/EDK/hw/XilinxProcessorIPLib/pcores/proc_common_v3_00_a/hdl/vhdl/pf_counter.vhd" into library proc_common_v3_00_a
Parsing VHDL file "/opt/Xilinx/14.7/ISE_DS/EDK/hw/XilinxProcessorIPLib/pcores/proc_common_v3_00_a/hdl/vhdl/pf_counter_top.vhd" into library proc_common_v3_00_a
Parsing VHDL file "/opt/Xilinx/14.7/ISE_DS/EDK/hw/XilinxProcessorIPLib/pcores/proc_common_v3_00_a/hdl/vhdl/pf_occ_counter.vhd" into library proc_common_v3_00_a
Parsing VHDL file "/opt/Xilinx/14.7/ISE_DS/EDK/hw/XilinxProcessorIPLib/pcores/proc_common_v3_00_a/hdl/vhdl/pf_occ_counter_top.vhd" into library proc_common_v3_00_a
Parsing VHDL file "/opt/Xilinx/14.7/ISE_DS/EDK/hw/XilinxProcessorIPLib/pcores/proc_common_v3_00_a/hdl/vhdl/pf_dpram_select.vhd" into library proc_common_v3_00_a
Parsing VHDL file "/opt/Xilinx/14.7/ISE_DS/EDK/hw/XilinxProcessorIPLib/pcores/proc_common_v3_00_a/hdl/vhdl/pselect.vhd" into library proc_common_v3_00_a
Parsing VHDL file "/opt/Xilinx/14.7/ISE_DS/EDK/hw/XilinxProcessorIPLib/pcores/proc_common_v3_00_a/hdl/vhdl/pselect_mask.vhd" into library proc_common_v3_00_a
Parsing VHDL file "/opt/Xilinx/14.7/ISE_DS/EDK/hw/XilinxProcessorIPLib/pcores/proc_common_v3_00_a/hdl/vhdl/srl16_fifo.vhd" into library proc_common_v3_00_a
Parsing VHDL file "/opt/Xilinx/14.7/ISE_DS/EDK/hw/XilinxProcessorIPLib/pcores/proc_common_v3_00_a/hdl/vhdl/srl_fifo.vhd" into library proc_common_v3_00_a
Parsing VHDL file "/opt/Xilinx/14.7/ISE_DS/EDK/hw/XilinxProcessorIPLib/pcores/proc_common_v3_00_a/hdl/vhdl/srl_fifo2.vhd" into library proc_common_v3_00_a
Parsing VHDL file "/opt/Xilinx/14.7/ISE_DS/EDK/hw/XilinxProcessorIPLib/pcores/proc_common_v3_00_a/hdl/vhdl/srl_fifo3.vhd" into library proc_common_v3_00_a
Parsing VHDL file "/opt/Xilinx/14.7/ISE_DS/EDK/hw/XilinxProcessorIPLib/pcores/proc_common_v3_00_a/hdl/vhdl/srl_fifo_rbu.vhd" into library proc_common_v3_00_a
Parsing VHDL file "/opt/Xilinx/14.7/ISE_DS/EDK/hw/XilinxProcessorIPLib/pcores/proc_common_v3_00_a/hdl/vhdl/valid_be.vhd" into library proc_common_v3_00_a
Parsing VHDL file "/opt/Xilinx/14.7/ISE_DS/EDK/hw/XilinxProcessorIPLib/pcores/proc_common_v3_00_a/hdl/vhdl/or_with_enable_f.vhd" into library proc_common_v3_00_a
Parsing VHDL file "/opt/Xilinx/14.7/ISE_DS/EDK/hw/XilinxProcessorIPLib/pcores/proc_common_v3_00_a/hdl/vhdl/muxf_struct_f.vhd" into library proc_common_v3_00_a
Parsing VHDL file "/opt/Xilinx/14.7/ISE_DS/EDK/hw/XilinxProcessorIPLib/pcores/proc_common_v3_00_a/hdl/vhdl/cntr_incr_decr_addn_f.vhd" into library proc_common_v3_00_a
Parsing VHDL file "/opt/Xilinx/14.7/ISE_DS/EDK/hw/XilinxProcessorIPLib/pcores/proc_common_v3_00_a/hdl/vhdl/dynshreg_f.vhd" into library proc_common_v3_00_a
Parsing VHDL file "/opt/Xilinx/14.7/ISE_DS/EDK/hw/XilinxProcessorIPLib/pcores/proc_common_v3_00_a/hdl/vhdl/dynshreg_i_f.vhd" into library proc_common_v3_00_a
Parsing VHDL file "/opt/Xilinx/14.7/ISE_DS/EDK/hw/XilinxProcessorIPLib/pcores/proc_common_v3_00_a/hdl/vhdl/mux_onehot_f.vhd" into library proc_common_v3_00_a
Parsing VHDL file "/opt/Xilinx/14.7/ISE_DS/EDK/hw/XilinxProcessorIPLib/pcores/proc_common_v3_00_a/hdl/vhdl/srl_fifo_rbu_f.vhd" into library proc_common_v3_00_a
Parsing VHDL file "/opt/Xilinx/14.7/ISE_DS/EDK/hw/XilinxProcessorIPLib/pcores/proc_common_v3_00_a/hdl/vhdl/srl_fifo_f.vhd" into library proc_common_v3_00_a
Parsing VHDL file "/opt/Xilinx/14.7/ISE_DS/EDK/hw/XilinxProcessorIPLib/pcores/proc_common_v3_00_a/hdl/vhdl/compare_vectors_f.vhd" into library proc_common_v3_00_a
Parsing VHDL file "/opt/Xilinx/14.7/ISE_DS/EDK/hw/XilinxProcessorIPLib/pcores/proc_common_v3_00_a/hdl/vhdl/pselect_f.vhd" into library proc_common_v3_00_a
Parsing VHDL file "/opt/Xilinx/14.7/ISE_DS/EDK/hw/XilinxProcessorIPLib/pcores/proc_common_v3_00_a/hdl/vhdl/counter_f.vhd" into library proc_common_v3_00_a
Parsing VHDL file "/opt/Xilinx/14.7/ISE_DS/EDK/hw/XilinxProcessorIPLib/pcores/proc_common_v3_00_a/hdl/vhdl/or_muxcy_f.vhd" into library proc_common_v3_00_a
Parsing VHDL file "/opt/Xilinx/14.7/ISE_DS/EDK/hw/XilinxProcessorIPLib/pcores/proc_common_v3_00_a/hdl/vhdl/or_gate_f.vhd" into library proc_common_v3_00_a
Parsing VHDL file "/opt/Xilinx/14.7/ISE_DS/EDK/hw/XilinxProcessorIPLib/pcores/proc_common_v3_00_a/hdl/vhdl/soft_reset.vhd" into library proc_common_v3_00_a
Parsing VHDL file "/opt/Xilinx/14.7/ISE_DS/EDK/hw/XilinxProcessorIPLib/pcores/axi_master_lite_v1_00_a/hdl/vhdl/axi_master_lite_reset.vhd" into library axi_master_lite_v1_00_a
Parsing VHDL file "/opt/Xilinx/14.7/ISE_DS/EDK/hw/XilinxProcessorIPLib/pcores/axi_master_lite_v1_00_a/hdl/vhdl/axi_master_lite_cntlr.vhd" into library axi_master_lite_v1_00_a
Parsing VHDL file "/opt/Xilinx/14.7/ISE_DS/EDK/hw/XilinxProcessorIPLib/pcores/axi_master_lite_v1_00_a/hdl/vhdl/axi_master_lite.vhd" into library axi_master_lite_v1_00_a
Parsing VHDL file "/home/administrator/Development/test_rig/pcores/axi_lite_ram_v1_00_a/hdl/vhdl/axi_lite_ram.vhd" into library axi_lite_ram_v1_00_a
Analyzing Verilog file "bfm_system_bfm_processor_wrapper.v" into library work
      Resolving module cdn_axi4_lite_master_bfm_wrap
Analyzing Verilog file "bfm_system_bfm_memory_wrapper.v" into library work
      Resolving module cdn_axi4_slave_bfm_wrap
Analyzing Verilog file "bfm_system_axi4lite_bus_wrapper.v" into library work
      Resolving module axi_interconnect
      Resolving module ict106_register_slice_bank
      Resolving module ict106_protocol_conv_bank
      Resolving module ict106_converter_bank
      Resolving module ict106_data_fifo_bank
      Resolving module ict106_axi_crossbar
      Resolving module ict106_axi_register_slice
      Resolving module ict106_axi_protocol_converter
      Resolving module ict106_axi_upsizer
      Resolving module ict106_axi_clock_converter
      Resolving module ict106_axi_downsizer
      Resolving module ict106_axi_data_fifo
      Resolving module ict106_crossbar
      Resolving module ict106_crossbar_sasd
      Resolving module ict106_axic_register_slice
      Resolving module ict106_axilite_conv
      Resolving module ict106_axi3_conv
      Resolving module ict106_a_upsizer
      Resolving module ict106_w_upsizer
      Resolving module ict106_r_upsizer
      Resolving module fifo_generator_v9_1
      Resolving module ict106_axic_sample_cycle_ratio
      Resolving module ict106_axic_sync_clock_converter
      Resolving module ict106_a_downsizer
      Resolving module ict106_w_downsizer
      Resolving module ict106_b_downsizer
      Resolving module ict106_r_downsizer
      Resolving module ict106_si_transactor
      Resolving module ict106_splitter
      Resolving module ict106_wdata_router
      Resolving module ict106_addr_decoder
      Resolving module ict106_wdata_mux
      Resolving module ict106_axic_srl_fifo
      Resolving module ict106_addr_arbiter
      Resolving module ict106_decerr_slave
      Resolving module ict106_addr_arbiter_sasd
      Resolving module ict106_mux_enc
      Resolving module ict106_a_axi3_conv
      Resolving module ict106_w_axi3_conv
      Resolving module ict106_r_axi3_conv
      Resolving module ict106_carry_latch_and
      Resolving module ict106_carry_and
      Resolving module ict106_comparator
      Resolving module ict106_carry_or
      Resolving module ict106_command_fifo
      Resolving module ict106_comparator_sel_static
      Resolving module ict106_comparator_sel
      Resolving module ict106_axic_fifo
      Resolving module ict106_arbiter_resp
      Resolving module ict106_axic_reg_srl_fifo
      Resolving module ict106_comparator_static
      Resolving module ict106_ndeep_srl
      Resolving module ict106_carry_latch_or
      Resolving module ict106_fifo_gen
      Resolving module ict106_nto1_mux
Parsing VHDL file "bfm_system_axi_lite_ram_inst_wrapper.vhd" into library work
Analyzing Verilog file "bfm_system.v" into library work
Analyzing Verilog file "bfm_system_tb.v" into library work
Analyzing Verilog file "/opt/Xilinx/14.7/ISE_DS/ISE/verilog/src/glbl.v" into library work
Starting static elaboration
Completed static elaboration
Fuse Memory Usage: 141984 KB
Fuse CPU Usage: 2210 ms
Compiling module cdn_axi4_lite_master_bfm(NAME="M...
Compiling module cdn_axi4_lite_master_bfm_wrap
Compiling module bfm_system_bfm_processor_wrapper
Compiling module cdn_axi4_slave_bfm(NAME="SLAVE_0...
Compiling module cdn_axi4_slave_bfm_wrap(C_S_AXI_...
Compiling module bfm_system_bfm_memory_wrapper
Compiling module ict106_axic_register_slice(C_FAM...
Compiling module ict106_axic_register_slice(C_FAM...
Compiling module ict106_axic_register_slice(C_FAM...
Compiling module ict106_axic_register_slice(C_FAM...
Compiling module ict106_axi_register_slice(C_FAMI...
Compiling module ict106_register_slice_bank(C_FAM...
Compiling module ict106_register_slice_bank(C_FAM...
Compiling module ict106_protocol_conv_bank(C_FAMI...
Compiling module ict106_axi_clock_converter(C_FAM...
Compiling module ict106_converter_bank(C_FAMILY="...
Compiling module ict106_axi_clock_converter(C_FAM...
Compiling module ict106_converter_bank(C_FAMILY="...
Compiling module ict106_axi_data_fifo(C_FAMILY="v...
Compiling module ict106_data_fifo_bank(C_FAMILY="...
Compiling module ict106_data_fifo_bank(C_FAMILY="...
Compiling module ict106_mux_enc(C_FAMILY="virtex6...
Compiling module ict106_addr_arbiter_sasd(C_MAX_S...
Compiling module ict106_splitter(C_NUM_M=3)
Compiling module ict106_splitter
Compiling module ict106_mux_enc(C_FAMILY="virtex6...
Compiling module ict106_mux_enc(C_FAMILY="virtex6...
Compiling module ict106_mux_enc(C_FAMILY="virtex6...
Compiling module ict106_mux_enc(C_FAMILY="virtex6...
Compiling module ict106_axic_register_slice(C_FAM...
Compiling module ict106_mux_enc(C_FAMILY="virtex6...
Compiling module ict106_crossbar_sasd(C_MAX_S=16,...
Compiling module ict106_axi_crossbar(C_FAMILY="vi...
Compiling module axi_interconnect(C_BASEFAMILY="v...
Compiling module bfm_system_axi4lite_bus_wrapper
Compiling module bfm_system
Compiling module bfm_system_tb
Compiling module glbl
Compiling package standard
Compiling package std_logic_1164
Compiling package vcomponents
Compiling package std_logic_arith
Compiling package std_logic_unsigned
Compiling package numeric_std
Compiling package proc_common_pkg
Compiling package family_support
Compiling architecture implementation of entity axi_master_lite_reset [axi_master_lite_reset_default]
Compiling architecture implementation of entity axi_master_lite_cntlr [\axi_master_lite_cntlr(32,32,"vi...]
Compiling architecture implementation of entity axi_master_lite [\axi_master_lite(32,32,"virtex6"...]
Compiling architecture imp of entity axi_lite_ram [\axi_lite_ram(('0','1','0','0','...]
Compiling architecture structure of entity bfm_system_axi_lite_ram_inst_wrapper [bfm_system_axi_lite_ram_inst_wra...]
Time Resolution for simulation is 100fs.
Waiting for 1 sub-compilation(s) to finish...
Compiled 18 VHDL Units
Compiled 38 Verilog Units
Built simulation executable isim_bfm_system
Fuse Memory Usage: 468200 KB
Fuse CPU Usage: 2720 ms
GCC CPU Usage: 130 ms
